<?xml version="1.0" encoding="UTF-8"?>
<!-- Generated by org.testng.reporters.JUnitReportReporter -->
<testsuite hostname="LAPTOP-1HO00DKE" failures="0" tests="4" name="testNG1.Demo" time="0.018" errors="0" timestamp="2025-03-03T12:19:59 IST" skipped="0">
  <testcase classname="testNG1.Demo" name="register" time="0.011"/>
  <system-out>
    <![CDATA[This is register method]]>
  </system-out>
  <testcase classname="testNG1.Demo" name="login" time="0.003"/>
  <system-out>
    <![CDATA[This is login method]]>
  </system-out>
  <testcase classname="testNG1.Demo" name="checkAccountBalance" time="0.003"/>
  <system-out>
    <![CDATA[This is checkAccountBalance method]]>
  </system-out>
  <testcase classname="testNG1.Demo" name="logout" time="0.001"/>
  <system-out>
    <![CDATA[This is logout method]]>
  </system-out>
</testsuite> <!-- testNG1.Demo -->
