<?xml version="1.0" encoding="UTF-8"?>
<!-- Generated by org.testng.reporters.JUnitReportReporter -->
<testsuite hostname="LAPTOP-1HO00DKE" failures="0" tests="4" name="testNG6_DataProvider.DataProviderUsingExcel" time="35.077" errors="0" timestamp="2025-03-11T11:09:24 IST" skipped="0">
  <testcase classname="testNG6_DataProvider.DataProviderUsingExcel" name="invalidLoginTC" time="9.971"/>
  <system-out/>
  <testcase classname="testNG6_DataProvider.DataProviderUsingExcel" name="invalidLoginTC" time="8.023"/>
  <system-out/>
  <testcase classname="testNG6_DataProvider.DataProviderUsingExcel" name="invalidLoginTC" time="5.960"/>
  <system-out/>
  <testcase classname="testNG6_DataProvider.DataProviderUsingExcel" name="invalidLoginTC" time="11.123"/>
  <system-out/>
</testsuite> <!-- testNG6_DataProvider.DataProviderUsingExcel -->
