<?xml version="1.0" encoding="UTF-8"?>
<!-- Generated by org.testng.reporters.JUnitReportReporter -->
<testsuite hostname="LAPTOP-1HO00DKE" failures="0" tests="3" name="testNG6_DataProvider.LoginWithDataProvider" time="33.510" errors="0" timestamp="2025-03-11T11:05:49 IST" skipped="0">
  <testcase classname="testNG6_DataProvider.LoginWithDataProvider" name="invalidLoginTC" time="13.022"/>
  <system-out/>
  <testcase classname="testNG6_DataProvider.LoginWithDataProvider" name="invalidLoginTC" time="10.155"/>
  <system-out/>
  <testcase classname="testNG6_DataProvider.LoginWithDataProvider" name="invalidLoginTC" time="10.333"/>
  <system-out/>
</testsuite> <!-- testNG6_DataProvider.LoginWithDataProvider -->
