<?xml version="1.0" encoding="UTF-8"?>
<!-- Generated by org.testng.reporters.JUnitReportReporter -->
<testsuite hostname="LAPTOP-1HO00DKE" failures="0" tests="1" name="testNG3_Execution.Parameterization" time="7.660" errors="0" timestamp="2025-03-06T11:39:56 IST" skipped="0">
  <testcase classname="testNG3_Execution.Parameterization" name="learnParameterization" time="7.660"/>
  <system-out/>
</testsuite> <!-- testNG3_Execution.Parameterization -->
