<?xml version="1.0" encoding="UTF-8"?>
<!-- Generated by org.testng.reporters.JUnitReportReporter -->
<testsuite hostname="LAPTOP-1HO00DKE" failures="0" tests="1" name="testNG3_Execution.CrossBrowserTesting" time="6.479" errors="0" timestamp="2025-03-06T11:57:17 IST" skipped="0">
  <testcase classname="testNG3_Execution.CrossBrowserTesting" name="learnParameterization" time="6.479"/>
  <system-out/>
</testsuite> <!-- testNG3_Execution.CrossBrowserTesting -->
