<?xml version="1.0" encoding="UTF-8"?>
<!-- Generated by org.testng.reporters.JUnitReportReporter -->
<testsuite hostname="LAPTOP-1HO00DKE" failures="0" tests="1" name="testNG3_Execution.LaunchBMWMotors" time="7.705" errors="0" timestamp="2025-03-05T12:24:41 IST" skipped="0">
  <testcase classname="testNG3_Execution.LaunchBMWMotors" name="launchBMWMotors" time="7.705"/>
  <system-out/>
</testsuite> <!-- testNG3_Execution.LaunchBMWMotors -->
