<?xml version="1.0" encoding="UTF-8"?>
<!-- Generated by org.testng.reporters.JUnitReportReporter -->
<testsuite hostname="LAPTOP-1HO00DKE" failures="0" tests="5" name="testNG1.ToUnderstandDependsOnMethod" time="0.026" errors="0" timestamp="2025-03-04T12:02:23 IST" skipped="0">
  <testcase classname="testNG1.ToUnderstandDependsOnMethod" name="moneyTransfer" time="0.001"/>
  <system-out>
    <![CDATA[This is moneyTransfer method]]>
  </system-out>
  <testcase classname="testNG1.ToUnderstandDependsOnMethod" name="register" time="0.018"/>
  <system-out>
    <![CDATA[This is register method]]>
  </system-out>
  <testcase classname="testNG1.ToUnderstandDependsOnMethod" name="login" time="0.004"/>
  <system-out>
    <![CDATA[This is login method]]>
  </system-out>
  <testcase classname="testNG1.ToUnderstandDependsOnMethod" name="checkAccountBalance" time="0.002"/>
  <system-out>
    <![CDATA[This is checkAccountBalance method]]>
  </system-out>
  <testcase classname="testNG1.ToUnderstandDependsOnMethod" name="logout" time="0.001"/>
  <system-out>
    <![CDATA[This is logout method]]>
  </system-out>
</testsuite> <!-- testNG1.ToUnderstandDependsOnMethod -->
