<?xml version="1.0" encoding="UTF-8"?>
<!-- Generated by org.testng.reporters.JUnitReportReporter -->
<testsuite hostname="LAPTOP-1HO00DKE" failures="0" tests="1" name="testNG1.ToUnderstandTimeOut" time="2.398" errors="0" timestamp="2025-03-04T12:19:08 IST" skipped="0">
  <testcase classname="testNG1.ToUnderstandTimeOut" name="launchSelenium" time="2.398"/>
  <system-out/>
</testsuite> <!-- testNG1.ToUnderstandTimeOut -->
