<?xml version="1.0" encoding="UTF-8"?>
<!-- Generated by org.testng.reporters.JUnitReportReporter -->
<testsuite hostname="LAPTOP-1HO00DKE" failures="0" tests="2" name="testNG1.ToUnderstandEnabled" time="2.483" errors="0" timestamp="2025-03-04T11:35:52 IST" skipped="1">
  <testcase classname="testNG1.ToUnderstandEnabled" name="launchSelenium" time="2.483"/>
  <system-out/>
  <testcase classname="testNG1.ToUnderstandEnabled" name="launchJavaPoint">
    <skipped/>
  </testcase> <!-- launchJavaPoint -->
  <system-out/>
</testsuite> <!-- testNG1.ToUnderstandEnabled -->
