<?xml version="1.0" encoding="UTF-8"?>
<!-- Generated by org.testng.reporters.JUnitReportReporter -->
<testsuite hostname="LAPTOP-1HO00DKE" failures="0" tests="2" name="testNG4_Annotations.ToUnderstandAnnotations" time="0.014" errors="0" timestamp="2025-03-07T11:21:06 IST" skipped="0">
  <testcase classname="testNG4_Annotations.ToUnderstandAnnotations" name="test1" time="0.011"/>
  <system-out>
    <![CDATA[I am from Test -1 Annotation]]>
  </system-out>
  <testcase classname="testNG4_Annotations.ToUnderstandAnnotations" name="test2" time="0.003"/>
  <system-out>
    <![CDATA[I am from Test -2 Annotation]]>
  </system-out>
</testsuite> <!-- testNG4_Annotations.ToUnderstandAnnotations -->
