<?xml version="1.0" encoding="UTF-8"?>
<!-- Generated by org.testng.reporters.JUnitReportReporter -->
<testsuite hostname="LAPTOP-1HO00DKE" failures="0" tests="2" name="testNG1.ToUnderstandInvocationCount" time="4.465" errors="0" timestamp="2025-03-04T10:59:50 IST" skipped="0">
  <testcase classname="testNG1.ToUnderstandInvocationCount" name="launchSelenium" time="2.395"/>
  <system-out/>
  <testcase classname="testNG1.ToUnderstandInvocationCount" name="launchSelenium" time="2.070"/>
  <system-out/>
</testsuite> <!-- testNG1.ToUnderstandInvocationCount -->
