<?xml version="1.0" encoding="UTF-8"?>
<!-- Generated by org.testng.reporters.JUnitReportReporter -->
<testsuite hostname="LAPTOP-1HO00DKE" failures="0" tests="1" name="testNG2_Execution.LaunchFacebook" time="6.028" errors="0" timestamp="2025-03-05T12:24:41 IST" skipped="0">
  <testcase classname="testNG2_Execution.LaunchFacebook" name="launchFacebook" time="6.028"/>
  <system-out/>
</testsuite> <!-- testNG2_Execution.LaunchFacebook -->
