<?xml version="1.0" encoding="UTF-8"?>
<!-- Generated by org.testng.reporters.JUnitReportReporter -->
<testsuite hostname="LAPTOP-1HO00DKE" failures="0" tests="1" name="testPackage.AddToCart" time="23.911" errors="0" timestamp="2025-03-18T10:37:56 IST" skipped="0">
  <testcase classname="testPackage.AddToCart" name="addToCart" time="23.911"/>
  <system-out/>
</testsuite> <!-- testPackage.AddToCart -->
