<?xml version="1.0" encoding="UTF-8"?>
<!-- Generated by org.testng.reporters.JUnitReportReporter -->
<testsuite hostname="LAPTOP-1HO00DKE" failures="0" tests="1" name="testPackage.TC_BuyProduct_003_Test" time="21.380" errors="0" timestamp="2025-03-20T11:53:59 IST" skipped="0">
  <testcase classname="testPackage.TC_BuyProduct_003_Test" name="buyProduct" time="21.380"/>
  <system-out/>
</testsuite> <!-- testPackage.TC_BuyProduct_003_Test -->
