<?xml version="1.0" encoding="UTF-8"?>
<!-- Generated by org.testng.reporters.JUnitReportReporter -->
<testsuite hostname="LAPTOP-1HO00DKE" failures="0" tests="1" name="testPackage.TC_AddToCart_001_Test" time="6.849" errors="0" timestamp="2025-03-18T10:58:08 IST" skipped="0">
  <testcase classname="testPackage.TC_AddToCart_001_Test" name="addToCart" time="6.849"/>
  <system-out/>
</testsuite> <!-- testPackage.TC_AddToCart_001_Test -->
